[ 2016-12-29T01:00:12+08:00 ] 127.0.0.1 /php4/buyplus/index.php/Back/Goods/ajax/operate/imageUpload.html
INFO: [ app_begin ] --START--
INFO: Run Behavior\ReadHtmlCacheBehavior [ RunTime:0.000911s ]
INFO: [ app_begin ] --END-- [ RunTime:0.002224s ]
NOTIC: [8] Undefined index: imageAjax D:\tnwamp\Apache24\htdocs\daniu\php4\buyplus\Application\Back\Controller\GoodsController.class.php 第 202 行.
NOTIC: [8] Undefined index: tmp_name D:\tnwamp\Apache24\htdocs\daniu\php4\buyplus\ThinkPHP\Library\Think\Upload.class.php 第 152 行.
NOTIC: [2] finfo_file(): Empty filename or path D:\tnwamp\Apache24\htdocs\daniu\php4\buyplus\ThinkPHP\Library\Think\Upload.class.php 第 152 行.
NOTIC: [8] Undefined index: error D:\tnwamp\Apache24\htdocs\daniu\php4\buyplus\ThinkPHP\Library\Think\Upload.class.php 第 269 行.
NOTIC: [8] Undefined index: tmp_name D:\tnwamp\Apache24\htdocs\daniu\php4\buyplus\ThinkPHP\Library\Think\Upload.class.php 第 280 行.
INFO: [ app_end ] --START--
INFO: Run Behavior\ShowPageTraceBehavior [ RunTime:0.003439s ]
INFO: [ app_end ] --END-- [ RunTime:0.003508s ]

[ 2016-12-29T01:00:22+08:00 ] 127.0.0.1 /php4/buyplus/index.php/Back/Goods/ajax/operate/imageUpload.html
INFO: [ app_begin ] --START--
INFO: Run Behavior\ReadHtmlCacheBehavior [ RunTime:0.003104s ]
INFO: [ app_begin ] --END-- [ RunTime:0.004508s ]
NOTIC: [8] Undefined index: imageAjax D:\tnwamp\Apache24\htdocs\daniu\php4\buyplus\Application\Back\Controller\GoodsController.class.php 第 202 行.
NOTIC: [8] Undefined index: tmp_name D:\tnwamp\Apache24\htdocs\daniu\php4\buyplus\ThinkPHP\Library\Think\Upload.class.php 第 152 行.
NOTIC: [2] finfo_file(): Empty filename or path D:\tnwamp\Apache24\htdocs\daniu\php4\buyplus\ThinkPHP\Library\Think\Upload.class.php 第 152 行.
NOTIC: [8] Undefined index: error D:\tnwamp\Apache24\htdocs\daniu\php4\buyplus\ThinkPHP\Library\Think\Upload.class.php 第 269 行.
NOTIC: [8] Undefined index: tmp_name D:\tnwamp\Apache24\htdocs\daniu\php4\buyplus\ThinkPHP\Library\Think\Upload.class.php 第 280 行.
INFO: [ app_end ] --START--
INFO: Run Behavior\ShowPageTraceBehavior [ RunTime:0.002060s ]
INFO: [ app_end ] --END-- [ RunTime:0.002104s ]

[ 2016-12-29T01:00:26+08:00 ] 127.0.0.1 /php4/buyplus/index.php/Back/Goods/ajax/operate/imageUpload.html
INFO: [ app_begin ] --START--
INFO: Run Behavior\ReadHtmlCacheBehavior [ RunTime:0.003588s ]
INFO: [ app_begin ] --END-- [ RunTime:0.004808s ]
NOTIC: [8] Undefined index: imageAjax D:\tnwamp\Apache24\htdocs\daniu\php4\buyplus\Application\Back\Controller\GoodsController.class.php 第 202 行.
NOTIC: [8] Undefined index: tmp_name D:\tnwamp\Apache24\htdocs\daniu\php4\buyplus\ThinkPHP\Library\Think\Upload.class.php 第 152 行.
NOTIC: [2] finfo_file(): Empty filename or path D:\tnwamp\Apache24\htdocs\daniu\php4\buyplus\ThinkPHP\Library\Think\Upload.class.php 第 152 行.
NOTIC: [8] Undefined index: error D:\tnwamp\Apache24\htdocs\daniu\php4\buyplus\ThinkPHP\Library\Think\Upload.class.php 第 269 行.
NOTIC: [8] Undefined index: tmp_name D:\tnwamp\Apache24\htdocs\daniu\php4\buyplus\ThinkPHP\Library\Think\Upload.class.php 第 280 行.
INFO: [ app_end ] --START--
INFO: Run Behavior\ShowPageTraceBehavior [ RunTime:0.002487s ]
INFO: [ app_end ] --END-- [ RunTime:0.002542s ]

[ 2016-12-29T01:07:24+08:00 ] 127.0.0.1 /php4/buyplus/index.php/Back/Goods/ajax/operate/imageUpload.html
INFO: [ app_begin ] --START--
INFO: Run Behavior\ReadHtmlCacheBehavior [ RunTime:0.001457s ]
INFO: [ app_begin ] --END-- [ RunTime:0.002552s ]
NOTIC: [8] Undefined index: imageAjax D:\tnwamp\Apache24\htdocs\daniu\php4\buyplus\Application\Back\Controller\GoodsController.class.php 第 202 行.
NOTIC: [8] Undefined index: tmp_name D:\tnwamp\Apache24\htdocs\daniu\php4\buyplus\ThinkPHP\Library\Think\Upload.class.php 第 152 行.
NOTIC: [2] finfo_file(): Empty filename or path D:\tnwamp\Apache24\htdocs\daniu\php4\buyplus\ThinkPHP\Library\Think\Upload.class.php 第 152 行.
NOTIC: [8] Undefined index: error D:\tnwamp\Apache24\htdocs\daniu\php4\buyplus\ThinkPHP\Library\Think\Upload.class.php 第 269 行.
NOTIC: [8] Undefined index: tmp_name D:\tnwamp\Apache24\htdocs\daniu\php4\buyplus\ThinkPHP\Library\Think\Upload.class.php 第 280 行.
INFO: [ app_end ] --START--
INFO: Run Behavior\ShowPageTraceBehavior [ RunTime:0.001217s ]
INFO: [ app_end ] --END-- [ RunTime:0.001267s ]

[ 2016-12-29T01:08:20+08:00 ] 127.0.0.1 /php4/buyplus/index.php/Back/Goods/ajax/operate/imageUpload.html
INFO: [ app_begin ] --START--
INFO: Run Behavior\ReadHtmlCacheBehavior [ RunTime:0.001595s ]
INFO: [ app_begin ] --END-- [ RunTime:0.002635s ]
NOTIC: [2] call_user_func() expects parameter 1 to be a valid callback, no array or string given D:\tnwamp\Apache24\htdocs\daniu\php4\buyplus\ThinkPHP\Library\Think\Upload.class.php 第 170 行.

[ 2016-12-29T01:08:57+08:00 ] 127.0.0.1 /php4/buyplus/index.php/Back/Goods/ajax/operate/imageUpload.html
INFO: [ app_begin ] --START--
INFO: Run Behavior\ReadHtmlCacheBehavior [ RunTime:0.002052s ]
INFO: [ app_begin ] --END-- [ RunTime:0.003060s ]
NOTIC: [2] call_user_func() expects parameter 1 to be a valid callback, no array or string given D:\tnwamp\Apache24\htdocs\daniu\php4\buyplus\ThinkPHP\Library\Think\Upload.class.php 第 170 行.

[ 2016-12-29T01:13:43+08:00 ] 127.0.0.1 /php4/buyplus/index.php/Back/Goods/ajax/operate/imageUpload.html
INFO: [ app_begin ] --START--
INFO: Run Behavior\ReadHtmlCacheBehavior [ RunTime:0.001352s ]
INFO: [ app_begin ] --END-- [ RunTime:0.002082s ]
NOTIC: [8] Undefined index: imageAjax D:\tnwamp\Apache24\htdocs\daniu\php4\buyplus\Application\Back\Controller\GoodsController.class.php 第 202 行.
NOTIC: [8] Undefined index: tmp_name D:\tnwamp\Apache24\htdocs\daniu\php4\buyplus\ThinkPHP\Library\Think\Upload.class.php 第 152 行.
NOTIC: [2] finfo_file(): Empty filename or path D:\tnwamp\Apache24\htdocs\daniu\php4\buyplus\ThinkPHP\Library\Think\Upload.class.php 第 152 行.
NOTIC: [8] Undefined index: error D:\tnwamp\Apache24\htdocs\daniu\php4\buyplus\ThinkPHP\Library\Think\Upload.class.php 第 269 行.
NOTIC: [8] Undefined index: tmp_name D:\tnwamp\Apache24\htdocs\daniu\php4\buyplus\ThinkPHP\Library\Think\Upload.class.php 第 280 行.
INFO: [ app_end ] --START--
INFO: Run Behavior\ShowPageTraceBehavior [ RunTime:0.001847s ]
INFO: [ app_end ] --END-- [ RunTime:0.001924s ]

[ 2016-12-29T01:13:51+08:00 ] 127.0.0.1 /php4/buyplus/index.php/Back/Goods/ajax/operate/imageUpload.html
INFO: [ app_begin ] --START--
INFO: Run Behavior\ReadHtmlCacheBehavior [ RunTime:0.001942s ]
INFO: [ app_begin ] --END-- [ RunTime:0.004365s ]
NOTIC: [8] Undefined index: imageAjax D:\tnwamp\Apache24\htdocs\daniu\php4\buyplus\Application\Back\Controller\GoodsController.class.php 第 202 行.
NOTIC: [8] Undefined index: tmp_name D:\tnwamp\Apache24\htdocs\daniu\php4\buyplus\ThinkPHP\Library\Think\Upload.class.php 第 152 行.
NOTIC: [2] finfo_file(): Empty filename or path D:\tnwamp\Apache24\htdocs\daniu\php4\buyplus\ThinkPHP\Library\Think\Upload.class.php 第 152 行.
NOTIC: [8] Undefined index: error D:\tnwamp\Apache24\htdocs\daniu\php4\buyplus\ThinkPHP\Library\Think\Upload.class.php 第 269 行.
NOTIC: [8] Undefined index: tmp_name D:\tnwamp\Apache24\htdocs\daniu\php4\buyplus\ThinkPHP\Library\Think\Upload.class.php 第 280 行.
INFO: [ app_end ] --START--
INFO: Run Behavior\ShowPageTraceBehavior [ RunTime:0.002119s ]
INFO: [ app_end ] --END-- [ RunTime:0.002193s ]

[ 2016-12-29T01:14:02+08:00 ] 127.0.0.1 /php4/buyplus/index.php/Back/Goods/ajax/operate/imageUpload.html
INFO: [ app_begin ] --START--
INFO: Run Behavior\ReadHtmlCacheBehavior [ RunTime:0.001329s ]
INFO: [ app_begin ] --END-- [ RunTime:0.002635s ]
NOTIC: [2] call_user_func() expects parameter 1 to be a valid callback, no array or string given D:\tnwamp\Apache24\htdocs\daniu\php4\buyplus\ThinkPHP\Library\Think\Upload.class.php 第 170 行.

[ 2016-12-29T01:21:34+08:00 ] 127.0.0.1 /php4/buyplus/index.php/Back/Goods/ajax/operate/galleriesUpload.html
INFO: [ app_begin ] --START--
INFO: Run Behavior\ReadHtmlCacheBehavior [ RunTime:0.001592s ]
INFO: [ app_begin ] --END-- [ RunTime:0.002569s ]
NOTIC: [2] call_user_func() expects parameter 1 to be a valid callback, no array or string given D:\tnwamp\Apache24\htdocs\daniu\php4\buyplus\ThinkPHP\Library\Think\Upload.class.php 第 170 行.
NOTIC: [8] Undefined variable: x D:\tnwamp\Apache24\htdocs\daniu\php4\buyplus\ThinkPHP\Library\Think\Image\Driver\Gd.class.php 第 270 行.
NOTIC: [8] Undefined variable: y D:\tnwamp\Apache24\htdocs\daniu\php4\buyplus\ThinkPHP\Library\Think\Image\Driver\Gd.class.php 第 270 行.
NOTIC: [8] Undefined variable: x D:\tnwamp\Apache24\htdocs\daniu\php4\buyplus\ThinkPHP\Library\Think\Image\Driver\Gd.class.php 第 270 行.
NOTIC: [8] Undefined variable: y D:\tnwamp\Apache24\htdocs\daniu\php4\buyplus\ThinkPHP\Library\Think\Image\Driver\Gd.class.php 第 270 行.
NOTIC: [8] Undefined variable: x D:\tnwamp\Apache24\htdocs\daniu\php4\buyplus\ThinkPHP\Library\Think\Image\Driver\Gd.class.php 第 270 行.
NOTIC: [8] Undefined variable: y D:\tnwamp\Apache24\htdocs\daniu\php4\buyplus\ThinkPHP\Library\Think\Image\Driver\Gd.class.php 第 270 行.

[ 2016-12-29T01:21:39+08:00 ] 127.0.0.1 /php4/buyplus/index.php/Back/Goods/ajax/operate/galleriesUpload.html
INFO: [ app_begin ] --START--
INFO: Run Behavior\ReadHtmlCacheBehavior [ RunTime:0.001359s ]
INFO: [ app_begin ] --END-- [ RunTime:0.002091s ]
NOTIC: [2] call_user_func() expects parameter 1 to be a valid callback, no array or string given D:\tnwamp\Apache24\htdocs\daniu\php4\buyplus\ThinkPHP\Library\Think\Upload.class.php 第 170 行.
NOTIC: [8] Undefined variable: x D:\tnwamp\Apache24\htdocs\daniu\php4\buyplus\ThinkPHP\Library\Think\Image\Driver\Gd.class.php 第 270 行.
NOTIC: [8] Undefined variable: y D:\tnwamp\Apache24\htdocs\daniu\php4\buyplus\ThinkPHP\Library\Think\Image\Driver\Gd.class.php 第 270 行.
NOTIC: [8] Undefined variable: x D:\tnwamp\Apache24\htdocs\daniu\php4\buyplus\ThinkPHP\Library\Think\Image\Driver\Gd.class.php 第 270 行.
NOTIC: [8] Undefined variable: y D:\tnwamp\Apache24\htdocs\daniu\php4\buyplus\ThinkPHP\Library\Think\Image\Driver\Gd.class.php 第 270 行.
NOTIC: [8] Undefined variable: x D:\tnwamp\Apache24\htdocs\daniu\php4\buyplus\ThinkPHP\Library\Think\Image\Driver\Gd.class.php 第 270 行.
NOTIC: [8] Undefined variable: y D:\tnwamp\Apache24\htdocs\daniu\php4\buyplus\ThinkPHP\Library\Think\Image\Driver\Gd.class.php 第 270 行.

[ 2016-12-29T01:21:41+08:00 ] 127.0.0.1 /php4/buyplus/index.php/Back/Goods/ajax/operate/galleryRemove.html
INFO: [ app_begin ] --START--
INFO: Run Behavior\ReadHtmlCacheBehavior [ RunTime:0.001173s ]
INFO: [ app_begin ] --END-- [ RunTime:0.002137s ]

[ 2016-12-29T01:21:42+08:00 ] 127.0.0.1 /php4/buyplus/index.php/Back/Goods/ajax/operate/galleryRemove.html
INFO: [ app_begin ] --START--
INFO: Run Behavior\ReadHtmlCacheBehavior [ RunTime:0.000948s ]
INFO: [ app_begin ] --END-- [ RunTime:0.001545s ]

[ 2016-12-29T01:21:55+08:00 ] 127.0.0.1 /php4/buyplus/index.php/Back/Goods/ajax/operate/galleriesUpload.html
INFO: [ app_begin ] --START--
INFO: Run Behavior\ReadHtmlCacheBehavior [ RunTime:0.001079s ]
INFO: [ app_begin ] --END-- [ RunTime:0.001953s ]
NOTIC: [2] call_user_func() expects parameter 1 to be a valid callback, no array or string given D:\tnwamp\Apache24\htdocs\daniu\php4\buyplus\ThinkPHP\Library\Think\Upload.class.php 第 170 行.
NOTIC: [8] Undefined variable: x D:\tnwamp\Apache24\htdocs\daniu\php4\buyplus\ThinkPHP\Library\Think\Image\Driver\Gd.class.php 第 270 行.
NOTIC: [8] Undefined variable: y D:\tnwamp\Apache24\htdocs\daniu\php4\buyplus\ThinkPHP\Library\Think\Image\Driver\Gd.class.php 第 270 行.
NOTIC: [8] Undefined variable: x D:\tnwamp\Apache24\htdocs\daniu\php4\buyplus\ThinkPHP\Library\Think\Image\Driver\Gd.class.php 第 270 行.
NOTIC: [8] Undefined variable: y D:\tnwamp\Apache24\htdocs\daniu\php4\buyplus\ThinkPHP\Library\Think\Image\Driver\Gd.class.php 第 270 行.
NOTIC: [8] Undefined variable: x D:\tnwamp\Apache24\htdocs\daniu\php4\buyplus\ThinkPHP\Library\Think\Image\Driver\Gd.class.php 第 270 行.
NOTIC: [8] Undefined variable: y D:\tnwamp\Apache24\htdocs\daniu\php4\buyplus\ThinkPHP\Library\Think\Image\Driver\Gd.class.php 第 270 行.

[ 2016-12-29T01:22:07+08:00 ] 127.0.0.1 /php4/buyplus/index.php/Back/Goods/ajax/operate/galleriesUpload.html
INFO: [ app_begin ] --START--
INFO: Run Behavior\ReadHtmlCacheBehavior [ RunTime:0.000664s ]
INFO: [ app_begin ] --END-- [ RunTime:0.001206s ]
NOTIC: [2] call_user_func() expects parameter 1 to be a valid callback, no array or string given D:\tnwamp\Apache24\htdocs\daniu\php4\buyplus\ThinkPHP\Library\Think\Upload.class.php 第 170 行.
NOTIC: [8] Undefined variable: x D:\tnwamp\Apache24\htdocs\daniu\php4\buyplus\ThinkPHP\Library\Think\Image\Driver\Gd.class.php 第 270 行.
NOTIC: [8] Undefined variable: y D:\tnwamp\Apache24\htdocs\daniu\php4\buyplus\ThinkPHP\Library\Think\Image\Driver\Gd.class.php 第 270 行.
NOTIC: [8] Undefined variable: x D:\tnwamp\Apache24\htdocs\daniu\php4\buyplus\ThinkPHP\Library\Think\Image\Driver\Gd.class.php 第 270 行.
NOTIC: [8] Undefined variable: y D:\tnwamp\Apache24\htdocs\daniu\php4\buyplus\ThinkPHP\Library\Think\Image\Driver\Gd.class.php 第 270 行.
NOTIC: [8] Undefined variable: x D:\tnwamp\Apache24\htdocs\daniu\php4\buyplus\ThinkPHP\Library\Think\Image\Driver\Gd.class.php 第 270 行.
NOTIC: [8] Undefined variable: y D:\tnwamp\Apache24\htdocs\daniu\php4\buyplus\ThinkPHP\Library\Think\Image\Driver\Gd.class.php 第 270 行.

[ 2016-12-29T01:22:10+08:00 ] 127.0.0.1 /php4/buyplus/index.php/Back/Goods/ajax/operate/galleriesUpload.html
INFO: [ app_begin ] --START--
INFO: Run Behavior\ReadHtmlCacheBehavior [ RunTime:0.000651s ]
INFO: [ app_begin ] --END-- [ RunTime:0.001208s ]
NOTIC: [2] call_user_func() expects parameter 1 to be a valid callback, no array or string given D:\tnwamp\Apache24\htdocs\daniu\php4\buyplus\ThinkPHP\Library\Think\Upload.class.php 第 170 行.
NOTIC: [8] Undefined variable: x D:\tnwamp\Apache24\htdocs\daniu\php4\buyplus\ThinkPHP\Library\Think\Image\Driver\Gd.class.php 第 270 行.
NOTIC: [8] Undefined variable: y D:\tnwamp\Apache24\htdocs\daniu\php4\buyplus\ThinkPHP\Library\Think\Image\Driver\Gd.class.php 第 270 行.
NOTIC: [8] Undefined variable: x D:\tnwamp\Apache24\htdocs\daniu\php4\buyplus\ThinkPHP\Library\Think\Image\Driver\Gd.class.php 第 270 行.
NOTIC: [8] Undefined variable: y D:\tnwamp\Apache24\htdocs\daniu\php4\buyplus\ThinkPHP\Library\Think\Image\Driver\Gd.class.php 第 270 行.
NOTIC: [8] Undefined variable: x D:\tnwamp\Apache24\htdocs\daniu\php4\buyplus\ThinkPHP\Library\Think\Image\Driver\Gd.class.php 第 270 行.
NOTIC: [8] Undefined variable: y D:\tnwamp\Apache24\htdocs\daniu\php4\buyplus\ThinkPHP\Library\Think\Image\Driver\Gd.class.php 第 270 行.

[ 2016-12-29T01:22:24+08:00 ] 127.0.0.1 /php4/buyplus/index.php/Back/Goods/ajax/operate/galleryRemove.html
INFO: [ app_begin ] --START--
INFO: Run Behavior\ReadHtmlCacheBehavior [ RunTime:0.001196s ]
INFO: [ app_begin ] --END-- [ RunTime:0.001814s ]

[ 2016-12-29T01:22:35+08:00 ] 127.0.0.1 /php4/buyplus/index.php/Back/Goods/ajax/operate/galleryRemove.html
INFO: [ app_begin ] --START--
INFO: Run Behavior\ReadHtmlCacheBehavior [ RunTime:0.000807s ]
INFO: [ app_begin ] --END-- [ RunTime:0.001367s ]

[ 2016-12-29T01:22:37+08:00 ] 127.0.0.1 /php4/buyplus/index.php/Back/Goods/ajax/operate/galleryRemove.html
INFO: [ app_begin ] --START--
INFO: Run Behavior\ReadHtmlCacheBehavior [ RunTime:0.000990s ]
INFO: [ app_begin ] --END-- [ RunTime:0.001961s ]

[ 2016-12-29T01:22:44+08:00 ] 127.0.0.1 /php4/buyplus/index.php/Back/Goods/ajax/operate/galleriesUpload.html
INFO: [ app_begin ] --START--
INFO: Run Behavior\ReadHtmlCacheBehavior [ RunTime:0.000826s ]
INFO: [ app_begin ] --END-- [ RunTime:0.001407s ]
NOTIC: [2] call_user_func() expects parameter 1 to be a valid callback, no array or string given D:\tnwamp\Apache24\htdocs\daniu\php4\buyplus\ThinkPHP\Library\Think\Upload.class.php 第 170 行.
NOTIC: [8] Undefined variable: x D:\tnwamp\Apache24\htdocs\daniu\php4\buyplus\ThinkPHP\Library\Think\Image\Driver\Gd.class.php 第 270 行.
NOTIC: [8] Undefined variable: y D:\tnwamp\Apache24\htdocs\daniu\php4\buyplus\ThinkPHP\Library\Think\Image\Driver\Gd.class.php 第 270 行.
NOTIC: [8] Undefined variable: x D:\tnwamp\Apache24\htdocs\daniu\php4\buyplus\ThinkPHP\Library\Think\Image\Driver\Gd.class.php 第 270 行.
NOTIC: [8] Undefined variable: y D:\tnwamp\Apache24\htdocs\daniu\php4\buyplus\ThinkPHP\Library\Think\Image\Driver\Gd.class.php 第 270 行.
NOTIC: [8] Undefined variable: x D:\tnwamp\Apache24\htdocs\daniu\php4\buyplus\ThinkPHP\Library\Think\Image\Driver\Gd.class.php 第 270 行.
NOTIC: [8] Undefined variable: y D:\tnwamp\Apache24\htdocs\daniu\php4\buyplus\ThinkPHP\Library\Think\Image\Driver\Gd.class.php 第 270 行.

[ 2016-12-29T01:22:58+08:00 ] 127.0.0.1 /php4/buyplus/index.php/Back/Goods/ajax/operate/galleriesUpload.html
INFO: [ app_begin ] --START--
INFO: Run Behavior\ReadHtmlCacheBehavior [ RunTime:0.000665s ]
INFO: [ app_begin ] --END-- [ RunTime:0.001419s ]
NOTIC: [2] call_user_func() expects parameter 1 to be a valid callback, no array or string given D:\tnwamp\Apache24\htdocs\daniu\php4\buyplus\ThinkPHP\Library\Think\Upload.class.php 第 170 行.
NOTIC: [8] Undefined variable: x D:\tnwamp\Apache24\htdocs\daniu\php4\buyplus\ThinkPHP\Library\Think\Image\Driver\Gd.class.php 第 270 行.
NOTIC: [8] Undefined variable: y D:\tnwamp\Apache24\htdocs\daniu\php4\buyplus\ThinkPHP\Library\Think\Image\Driver\Gd.class.php 第 270 行.
NOTIC: [8] Undefined variable: x D:\tnwamp\Apache24\htdocs\daniu\php4\buyplus\ThinkPHP\Library\Think\Image\Driver\Gd.class.php 第 270 行.
NOTIC: [8] Undefined variable: y D:\tnwamp\Apache24\htdocs\daniu\php4\buyplus\ThinkPHP\Library\Think\Image\Driver\Gd.class.php 第 270 行.
NOTIC: [8] Undefined variable: x D:\tnwamp\Apache24\htdocs\daniu\php4\buyplus\ThinkPHP\Library\Think\Image\Driver\Gd.class.php 第 270 行.
NOTIC: [8] Undefined variable: y D:\tnwamp\Apache24\htdocs\daniu\php4\buyplus\ThinkPHP\Library\Think\Image\Driver\Gd.class.php 第 270 行.

[ 2016-12-29T01:23:02+08:00 ] 127.0.0.1 /php4/buyplus/index.php/Back/Goods/ajax/operate/galleryRemove.html
INFO: [ app_begin ] --START--
INFO: Run Behavior\ReadHtmlCacheBehavior [ RunTime:0.000643s ]
INFO: [ app_begin ] --END-- [ RunTime:0.001268s ]

[ 2016-12-29T01:23:03+08:00 ] 127.0.0.1 /php4/buyplus/index.php/Back/Goods/ajax/operate/galleryRemove.html
INFO: [ app_begin ] --START--
INFO: Run Behavior\ReadHtmlCacheBehavior [ RunTime:0.001322s ]
INFO: [ app_begin ] --END-- [ RunTime:0.002028s ]

[ 2016-12-29T13:15:29+08:00 ] 127.0.0.1 /php4/buyplus/index.php/Back/Goods/ajax/operate/galleriesUpload.html
INFO: [ app_begin ] --START--
INFO: Run Behavior\ReadHtmlCacheBehavior [ RunTime:0.000904s ]
INFO: [ app_begin ] --END-- [ RunTime:0.001697s ]
NOTIC: [2] call_user_func() expects parameter 1 to be a valid callback, no array or string given D:\tnwamp\Apache24\htdocs\daniu\php4\buyplus\ThinkPHP\Library\Think\Upload.class.php 第 170 行.
NOTIC: [8] Undefined variable: x D:\tnwamp\Apache24\htdocs\daniu\php4\buyplus\ThinkPHP\Library\Think\Image\Driver\Gd.class.php 第 270 行.
NOTIC: [8] Undefined variable: y D:\tnwamp\Apache24\htdocs\daniu\php4\buyplus\ThinkPHP\Library\Think\Image\Driver\Gd.class.php 第 270 行.
NOTIC: [8] Undefined variable: x D:\tnwamp\Apache24\htdocs\daniu\php4\buyplus\ThinkPHP\Library\Think\Image\Driver\Gd.class.php 第 270 行.
NOTIC: [8] Undefined variable: y D:\tnwamp\Apache24\htdocs\daniu\php4\buyplus\ThinkPHP\Library\Think\Image\Driver\Gd.class.php 第 270 行.
NOTIC: [8] Undefined variable: x D:\tnwamp\Apache24\htdocs\daniu\php4\buyplus\ThinkPHP\Library\Think\Image\Driver\Gd.class.php 第 270 行.
NOTIC: [8] Undefined variable: y D:\tnwamp\Apache24\htdocs\daniu\php4\buyplus\ThinkPHP\Library\Think\Image\Driver\Gd.class.php 第 270 行.

[ 2016-12-29T13:15:33+08:00 ] 127.0.0.1 /php4/buyplus/index.php/Back/Goods/ajax/operate/galleriesUpload.html
INFO: [ app_begin ] --START--
INFO: Run Behavior\ReadHtmlCacheBehavior [ RunTime:0.002577s ]
INFO: [ app_begin ] --END-- [ RunTime:0.003566s ]
NOTIC: [2] call_user_func() expects parameter 1 to be a valid callback, no array or string given D:\tnwamp\Apache24\htdocs\daniu\php4\buyplus\ThinkPHP\Library\Think\Upload.class.php 第 170 行.
NOTIC: [8] Undefined variable: x D:\tnwamp\Apache24\htdocs\daniu\php4\buyplus\ThinkPHP\Library\Think\Image\Driver\Gd.class.php 第 270 行.
NOTIC: [8] Undefined variable: y D:\tnwamp\Apache24\htdocs\daniu\php4\buyplus\ThinkPHP\Library\Think\Image\Driver\Gd.class.php 第 270 行.
NOTIC: [8] Undefined variable: x D:\tnwamp\Apache24\htdocs\daniu\php4\buyplus\ThinkPHP\Library\Think\Image\Driver\Gd.class.php 第 270 行.
NOTIC: [8] Undefined variable: y D:\tnwamp\Apache24\htdocs\daniu\php4\buyplus\ThinkPHP\Library\Think\Image\Driver\Gd.class.php 第 270 行.
NOTIC: [8] Undefined variable: x D:\tnwamp\Apache24\htdocs\daniu\php4\buyplus\ThinkPHP\Library\Think\Image\Driver\Gd.class.php 第 270 行.
NOTIC: [8] Undefined variable: y D:\tnwamp\Apache24\htdocs\daniu\php4\buyplus\ThinkPHP\Library\Think\Image\Driver\Gd.class.php 第 270 行.

[ 2016-12-29T13:15:37+08:00 ] 127.0.0.1 /php4/buyplus/index.php/Back/Goods/ajax/operate/galleriesUpload.html
INFO: [ app_begin ] --START--
INFO: Run Behavior\ReadHtmlCacheBehavior [ RunTime:0.003891s ]
INFO: [ app_begin ] --END-- [ RunTime:0.005343s ]
NOTIC: [2] call_user_func() expects parameter 1 to be a valid callback, no array or string given D:\tnwamp\Apache24\htdocs\daniu\php4\buyplus\ThinkPHP\Library\Think\Upload.class.php 第 170 行.
NOTIC: [8] Undefined variable: x D:\tnwamp\Apache24\htdocs\daniu\php4\buyplus\ThinkPHP\Library\Think\Image\Driver\Gd.class.php 第 270 行.
NOTIC: [8] Undefined variable: y D:\tnwamp\Apache24\htdocs\daniu\php4\buyplus\ThinkPHP\Library\Think\Image\Driver\Gd.class.php 第 270 行.
NOTIC: [8] Undefined variable: x D:\tnwamp\Apache24\htdocs\daniu\php4\buyplus\ThinkPHP\Library\Think\Image\Driver\Gd.class.php 第 270 行.
NOTIC: [8] Undefined variable: y D:\tnwamp\Apache24\htdocs\daniu\php4\buyplus\ThinkPHP\Library\Think\Image\Driver\Gd.class.php 第 270 行.
NOTIC: [8] Undefined variable: x D:\tnwamp\Apache24\htdocs\daniu\php4\buyplus\ThinkPHP\Library\Think\Image\Driver\Gd.class.php 第 270 行.
NOTIC: [8] Undefined variable: y D:\tnwamp\Apache24\htdocs\daniu\php4\buyplus\ThinkPHP\Library\Think\Image\Driver\Gd.class.php 第 270 行.

[ 2016-12-29T13:15:46+08:00 ] 127.0.0.1 /php4/buyplus/index.php/Back/Goods/ajax/operate/galleriesUpload.html
INFO: [ app_begin ] --START--
INFO: Run Behavior\ReadHtmlCacheBehavior [ RunTime:0.003125s ]
INFO: [ app_begin ] --END-- [ RunTime:0.004188s ]
NOTIC: [2] call_user_func() expects parameter 1 to be a valid callback, no array or string given D:\tnwamp\Apache24\htdocs\daniu\php4\buyplus\ThinkPHP\Library\Think\Upload.class.php 第 170 行.
NOTIC: [8] Undefined variable: x D:\tnwamp\Apache24\htdocs\daniu\php4\buyplus\ThinkPHP\Library\Think\Image\Driver\Gd.class.php 第 270 行.
NOTIC: [8] Undefined variable: y D:\tnwamp\Apache24\htdocs\daniu\php4\buyplus\ThinkPHP\Library\Think\Image\Driver\Gd.class.php 第 270 行.
NOTIC: [8] Undefined variable: x D:\tnwamp\Apache24\htdocs\daniu\php4\buyplus\ThinkPHP\Library\Think\Image\Driver\Gd.class.php 第 270 行.
NOTIC: [8] Undefined variable: y D:\tnwamp\Apache24\htdocs\daniu\php4\buyplus\ThinkPHP\Library\Think\Image\Driver\Gd.class.php 第 270 行.
NOTIC: [8] Undefined variable: x D:\tnwamp\Apache24\htdocs\daniu\php4\buyplus\ThinkPHP\Library\Think\Image\Driver\Gd.class.php 第 270 行.
NOTIC: [8] Undefined variable: y D:\tnwamp\Apache24\htdocs\daniu\php4\buyplus\ThinkPHP\Library\Think\Image\Driver\Gd.class.php 第 270 行.

[ 2016-12-29T13:15:56+08:00 ] 127.0.0.1 /php4/buyplus/index.php/Back/Goods/ajax/operate/galleryRemove.html
INFO: [ app_begin ] --START--
INFO: Run Behavior\ReadHtmlCacheBehavior [ RunTime:0.002903s ]
INFO: [ app_begin ] --END-- [ RunTime:0.003997s ]

[ 2016-12-29T13:15:56+08:00 ] 127.0.0.1 /php4/buyplus/index.php/Back/Goods/ajax/operate/galleryRemove.html
INFO: [ app_begin ] --START--
INFO: Run Behavior\ReadHtmlCacheBehavior [ RunTime:0.001329s ]
INFO: [ app_begin ] --END-- [ RunTime:0.002659s ]

[ 2016-12-29T13:15:57+08:00 ] 127.0.0.1 /php4/buyplus/index.php/Back/Goods/ajax/operate/galleryRemove.html
INFO: [ app_begin ] --START--
INFO: Run Behavior\ReadHtmlCacheBehavior [ RunTime:0.001009s ]
INFO: [ app_begin ] --END-- [ RunTime:0.001801s ]

[ 2016-12-29T13:15:58+08:00 ] 127.0.0.1 /php4/buyplus/index.php/Back/Goods/ajax/operate/galleryRemove.html
INFO: [ app_begin ] --START--
INFO: Run Behavior\ReadHtmlCacheBehavior [ RunTime:0.001032s ]
INFO: [ app_begin ] --END-- [ RunTime:0.001755s ]

[ 2016-12-29T23:07:35+08:00 ] 127.0.0.1 /php4/buyplus/index.php/Back/Goods/ajax/operate/galleriesUpload.html
INFO: [ app_begin ] --START--
INFO: Run Behavior\ReadHtmlCacheBehavior [ RunTime:0.000596s ]
INFO: [ app_begin ] --END-- [ RunTime:0.001175s ]
NOTIC: [2] call_user_func() expects parameter 1 to be a valid callback, no array or string given D:\tnwamp\Apache24\htdocs\daniu\php4\buyplus\ThinkPHP\Library\Think\Upload.class.php 第 170 行.
NOTIC: [8] Undefined variable: x D:\tnwamp\Apache24\htdocs\daniu\php4\buyplus\ThinkPHP\Library\Think\Image\Driver\Gd.class.php 第 270 行.
NOTIC: [8] Undefined variable: y D:\tnwamp\Apache24\htdocs\daniu\php4\buyplus\ThinkPHP\Library\Think\Image\Driver\Gd.class.php 第 270 行.
NOTIC: [8] Undefined variable: x D:\tnwamp\Apache24\htdocs\daniu\php4\buyplus\ThinkPHP\Library\Think\Image\Driver\Gd.class.php 第 270 行.
NOTIC: [8] Undefined variable: y D:\tnwamp\Apache24\htdocs\daniu\php4\buyplus\ThinkPHP\Library\Think\Image\Driver\Gd.class.php 第 270 行.
NOTIC: [8] Undefined variable: x D:\tnwamp\Apache24\htdocs\daniu\php4\buyplus\ThinkPHP\Library\Think\Image\Driver\Gd.class.php 第 270 行.
NOTIC: [8] Undefined variable: y D:\tnwamp\Apache24\htdocs\daniu\php4\buyplus\ThinkPHP\Library\Think\Image\Driver\Gd.class.php 第 270 行.

[ 2016-12-29T23:09:09+08:00 ] 127.0.0.1 /php4/buyplus/index.php/Back/Goods/ajax/operate/galleryRemove.html
INFO: [ app_begin ] --START--
INFO: Run Behavior\ReadHtmlCacheBehavior [ RunTime:0.001335s ]
INFO: [ app_begin ] --END-- [ RunTime:0.002012s ]

[ 2016-12-29T23:10:59+08:00 ] 127.0.0.1 /php4/buyplus/index.php/Back/Goods/ajax/operate/imageUpload.html
INFO: [ app_begin ] --START--
INFO: Run Behavior\ReadHtmlCacheBehavior [ RunTime:0.000604s ]
INFO: [ app_begin ] --END-- [ RunTime:0.001209s ]
NOTIC: [2] call_user_func() expects parameter 1 to be a valid callback, no array or string given D:\tnwamp\Apache24\htdocs\daniu\php4\buyplus\ThinkPHP\Library\Think\Upload.class.php 第 170 行.

[ 2016-12-29T23:11:29+08:00 ] 127.0.0.1 /php4/buyplus/index.php/Back/Goods/ajax/operate/galleriesUpload.html
INFO: [ app_begin ] --START--
INFO: Run Behavior\ReadHtmlCacheBehavior [ RunTime:0.000853s ]
INFO: [ app_begin ] --END-- [ RunTime:0.001602s ]
NOTIC: [2] call_user_func() expects parameter 1 to be a valid callback, no array or string given D:\tnwamp\Apache24\htdocs\daniu\php4\buyplus\ThinkPHP\Library\Think\Upload.class.php 第 170 行.
NOTIC: [8] Undefined variable: x D:\tnwamp\Apache24\htdocs\daniu\php4\buyplus\ThinkPHP\Library\Think\Image\Driver\Gd.class.php 第 270 行.
NOTIC: [8] Undefined variable: y D:\tnwamp\Apache24\htdocs\daniu\php4\buyplus\ThinkPHP\Library\Think\Image\Driver\Gd.class.php 第 270 行.
NOTIC: [8] Undefined variable: x D:\tnwamp\Apache24\htdocs\daniu\php4\buyplus\ThinkPHP\Library\Think\Image\Driver\Gd.class.php 第 270 行.
NOTIC: [8] Undefined variable: y D:\tnwamp\Apache24\htdocs\daniu\php4\buyplus\ThinkPHP\Library\Think\Image\Driver\Gd.class.php 第 270 行.
NOTIC: [8] Undefined variable: x D:\tnwamp\Apache24\htdocs\daniu\php4\buyplus\ThinkPHP\Library\Think\Image\Driver\Gd.class.php 第 270 行.
NOTIC: [8] Undefined variable: y D:\tnwamp\Apache24\htdocs\daniu\php4\buyplus\ThinkPHP\Library\Think\Image\Driver\Gd.class.php 第 270 行.

[ 2016-12-29T23:11:29+08:00 ] 127.0.0.1 /php4/buyplus/index.php/Back/Goods/ajax/operate/galleriesUpload.html
INFO: [ app_begin ] --START--
INFO: Run Behavior\ReadHtmlCacheBehavior [ RunTime:0.003045s ]
INFO: [ app_begin ] --END-- [ RunTime:0.004773s ]
NOTIC: [2] call_user_func() expects parameter 1 to be a valid callback, no array or string given D:\tnwamp\Apache24\htdocs\daniu\php4\buyplus\ThinkPHP\Library\Think\Upload.class.php 第 170 行.
NOTIC: [8] Undefined variable: x D:\tnwamp\Apache24\htdocs\daniu\php4\buyplus\ThinkPHP\Library\Think\Image\Driver\Gd.class.php 第 270 行.
NOTIC: [8] Undefined variable: y D:\tnwamp\Apache24\htdocs\daniu\php4\buyplus\ThinkPHP\Library\Think\Image\Driver\Gd.class.php 第 270 行.
NOTIC: [8] Undefined variable: x D:\tnwamp\Apache24\htdocs\daniu\php4\buyplus\ThinkPHP\Library\Think\Image\Driver\Gd.class.php 第 270 行.
NOTIC: [8] Undefined variable: y D:\tnwamp\Apache24\htdocs\daniu\php4\buyplus\ThinkPHP\Library\Think\Image\Driver\Gd.class.php 第 270 行.
NOTIC: [8] Undefined variable: x D:\tnwamp\Apache24\htdocs\daniu\php4\buyplus\ThinkPHP\Library\Think\Image\Driver\Gd.class.php 第 270 行.
NOTIC: [8] Undefined variable: y D:\tnwamp\Apache24\htdocs\daniu\php4\buyplus\ThinkPHP\Library\Think\Image\Driver\Gd.class.php 第 270 行.

[ 2016-12-29T23:11:34+08:00 ] 127.0.0.1 /php4/buyplus/index.php/Back/Goods/ajax/operate/galleriesUpload.html
INFO: [ app_begin ] --START--
INFO: Run Behavior\ReadHtmlCacheBehavior [ RunTime:0.000877s ]
INFO: [ app_begin ] --END-- [ RunTime:0.001515s ]
NOTIC: [2] call_user_func() expects parameter 1 to be a valid callback, no array or string given D:\tnwamp\Apache24\htdocs\daniu\php4\buyplus\ThinkPHP\Library\Think\Upload.class.php 第 170 行.
NOTIC: [8] Undefined variable: x D:\tnwamp\Apache24\htdocs\daniu\php4\buyplus\ThinkPHP\Library\Think\Image\Driver\Gd.class.php 第 270 行.
NOTIC: [8] Undefined variable: y D:\tnwamp\Apache24\htdocs\daniu\php4\buyplus\ThinkPHP\Library\Think\Image\Driver\Gd.class.php 第 270 行.
NOTIC: [8] Undefined variable: x D:\tnwamp\Apache24\htdocs\daniu\php4\buyplus\ThinkPHP\Library\Think\Image\Driver\Gd.class.php 第 270 行.
NOTIC: [8] Undefined variable: y D:\tnwamp\Apache24\htdocs\daniu\php4\buyplus\ThinkPHP\Library\Think\Image\Driver\Gd.class.php 第 270 行.
NOTIC: [8] Undefined variable: x D:\tnwamp\Apache24\htdocs\daniu\php4\buyplus\ThinkPHP\Library\Think\Image\Driver\Gd.class.php 第 270 行.
NOTIC: [8] Undefined variable: y D:\tnwamp\Apache24\htdocs\daniu\php4\buyplus\ThinkPHP\Library\Think\Image\Driver\Gd.class.php 第 270 行.

[ 2016-12-29T23:11:35+08:00 ] 127.0.0.1 /php4/buyplus/index.php/Back/Goods/ajax/operate/galleriesUpload.html
INFO: [ app_begin ] --START--
INFO: Run Behavior\ReadHtmlCacheBehavior [ RunTime:0.004232s ]
INFO: [ app_begin ] --END-- [ RunTime:0.005834s ]
NOTIC: [2] call_user_func() expects parameter 1 to be a valid callback, no array or string given D:\tnwamp\Apache24\htdocs\daniu\php4\buyplus\ThinkPHP\Library\Think\Upload.class.php 第 170 行.
NOTIC: [8] Undefined variable: x D:\tnwamp\Apache24\htdocs\daniu\php4\buyplus\ThinkPHP\Library\Think\Image\Driver\Gd.class.php 第 270 行.
NOTIC: [8] Undefined variable: y D:\tnwamp\Apache24\htdocs\daniu\php4\buyplus\ThinkPHP\Library\Think\Image\Driver\Gd.class.php 第 270 行.
NOTIC: [8] Undefined variable: x D:\tnwamp\Apache24\htdocs\daniu\php4\buyplus\ThinkPHP\Library\Think\Image\Driver\Gd.class.php 第 270 行.
NOTIC: [8] Undefined variable: y D:\tnwamp\Apache24\htdocs\daniu\php4\buyplus\ThinkPHP\Library\Think\Image\Driver\Gd.class.php 第 270 行.
NOTIC: [8] Undefined variable: x D:\tnwamp\Apache24\htdocs\daniu\php4\buyplus\ThinkPHP\Library\Think\Image\Driver\Gd.class.php 第 270 行.
NOTIC: [8] Undefined variable: y D:\tnwamp\Apache24\htdocs\daniu\php4\buyplus\ThinkPHP\Library\Think\Image\Driver\Gd.class.php 第 270 行.

[ 2016-12-29T23:12:44+08:00 ] 127.0.0.1 /php4/buyplus/index.php/Back/Goods/ajax/operate/imageUpload.html
INFO: [ app_begin ] --START--
INFO: Run Behavior\ReadHtmlCacheBehavior [ RunTime:0.002885s ]
INFO: [ app_begin ] --END-- [ RunTime:0.004431s ]
INFO: [ app_end ] --START--
INFO: Run Behavior\ShowPageTraceBehavior [ RunTime:0.002973s ]
INFO: [ app_end ] --END-- [ RunTime:0.003039s ]

[ 2016-12-29T23:12:50+08:00 ] 127.0.0.1 /php4/buyplus/index.php/Back/Goods/ajax/operate/imageUpload.html
INFO: [ app_begin ] --START--
INFO: Run Behavior\ReadHtmlCacheBehavior [ RunTime:0.002993s ]
INFO: [ app_begin ] --END-- [ RunTime:0.004295s ]
NOTIC: [2] call_user_func() expects parameter 1 to be a valid callback, no array or string given D:\tnwamp\Apache24\htdocs\daniu\php4\buyplus\ThinkPHP\Library\Think\Upload.class.php 第 170 行.

[ 2016-12-29T23:13:03+08:00 ] 127.0.0.1 /php4/buyplus/index.php/Back/Goods/ajax/operate/galleriesUpload.html
INFO: [ app_begin ] --START--
INFO: Run Behavior\ReadHtmlCacheBehavior [ RunTime:0.002172s ]
INFO: [ app_begin ] --END-- [ RunTime:0.003031s ]
NOTIC: [2] call_user_func() expects parameter 1 to be a valid callback, no array or string given D:\tnwamp\Apache24\htdocs\daniu\php4\buyplus\ThinkPHP\Library\Think\Upload.class.php 第 170 行.
NOTIC: [8] Undefined variable: x D:\tnwamp\Apache24\htdocs\daniu\php4\buyplus\ThinkPHP\Library\Think\Image\Driver\Gd.class.php 第 270 行.
NOTIC: [8] Undefined variable: y D:\tnwamp\Apache24\htdocs\daniu\php4\buyplus\ThinkPHP\Library\Think\Image\Driver\Gd.class.php 第 270 行.
NOTIC: [8] Undefined variable: x D:\tnwamp\Apache24\htdocs\daniu\php4\buyplus\ThinkPHP\Library\Think\Image\Driver\Gd.class.php 第 270 行.
NOTIC: [8] Undefined variable: y D:\tnwamp\Apache24\htdocs\daniu\php4\buyplus\ThinkPHP\Library\Think\Image\Driver\Gd.class.php 第 270 行.
NOTIC: [8] Undefined variable: x D:\tnwamp\Apache24\htdocs\daniu\php4\buyplus\ThinkPHP\Library\Think\Image\Driver\Gd.class.php 第 270 行.
NOTIC: [8] Undefined variable: y D:\tnwamp\Apache24\htdocs\daniu\php4\buyplus\ThinkPHP\Library\Think\Image\Driver\Gd.class.php 第 270 行.

[ 2016-12-29T23:13:04+08:00 ] 127.0.0.1 /php4/buyplus/index.php/Back/Goods/ajax/operate/galleriesUpload.html
INFO: [ app_begin ] --START--
INFO: Run Behavior\ReadHtmlCacheBehavior [ RunTime:0.003924s ]
INFO: [ app_begin ] --END-- [ RunTime:0.005506s ]
NOTIC: [2] call_user_func() expects parameter 1 to be a valid callback, no array or string given D:\tnwamp\Apache24\htdocs\daniu\php4\buyplus\ThinkPHP\Library\Think\Upload.class.php 第 170 行.
NOTIC: [8] Undefined variable: x D:\tnwamp\Apache24\htdocs\daniu\php4\buyplus\ThinkPHP\Library\Think\Image\Driver\Gd.class.php 第 270 行.
NOTIC: [8] Undefined variable: y D:\tnwamp\Apache24\htdocs\daniu\php4\buyplus\ThinkPHP\Library\Think\Image\Driver\Gd.class.php 第 270 行.
NOTIC: [8] Undefined variable: x D:\tnwamp\Apache24\htdocs\daniu\php4\buyplus\ThinkPHP\Library\Think\Image\Driver\Gd.class.php 第 270 行.
NOTIC: [8] Undefined variable: y D:\tnwamp\Apache24\htdocs\daniu\php4\buyplus\ThinkPHP\Library\Think\Image\Driver\Gd.class.php 第 270 行.
NOTIC: [8] Undefined variable: x D:\tnwamp\Apache24\htdocs\daniu\php4\buyplus\ThinkPHP\Library\Think\Image\Driver\Gd.class.php 第 270 行.
NOTIC: [8] Undefined variable: y D:\tnwamp\Apache24\htdocs\daniu\php4\buyplus\ThinkPHP\Library\Think\Image\Driver\Gd.class.php 第 270 行.

[ 2016-12-29T23:13:04+08:00 ] 127.0.0.1 /php4/buyplus/index.php/Back/Goods/ajax/operate/galleriesUpload.html
INFO: [ app_begin ] --START--
INFO: Run Behavior\ReadHtmlCacheBehavior [ RunTime:0.003516s ]
INFO: [ app_begin ] --END-- [ RunTime:0.004690s ]
NOTIC: [2] call_user_func() expects parameter 1 to be a valid callback, no array or string given D:\tnwamp\Apache24\htdocs\daniu\php4\buyplus\ThinkPHP\Library\Think\Upload.class.php 第 170 行.
NOTIC: [8] Undefined variable: x D:\tnwamp\Apache24\htdocs\daniu\php4\buyplus\ThinkPHP\Library\Think\Image\Driver\Gd.class.php 第 270 行.
NOTIC: [8] Undefined variable: y D:\tnwamp\Apache24\htdocs\daniu\php4\buyplus\ThinkPHP\Library\Think\Image\Driver\Gd.class.php 第 270 行.
NOTIC: [8] Undefined variable: x D:\tnwamp\Apache24\htdocs\daniu\php4\buyplus\ThinkPHP\Library\Think\Image\Driver\Gd.class.php 第 270 行.
NOTIC: [8] Undefined variable: y D:\tnwamp\Apache24\htdocs\daniu\php4\buyplus\ThinkPHP\Library\Think\Image\Driver\Gd.class.php 第 270 行.
NOTIC: [8] Undefined variable: x D:\tnwamp\Apache24\htdocs\daniu\php4\buyplus\ThinkPHP\Library\Think\Image\Driver\Gd.class.php 第 270 行.
NOTIC: [8] Undefined variable: y D:\tnwamp\Apache24\htdocs\daniu\php4\buyplus\ThinkPHP\Library\Think\Image\Driver\Gd.class.php 第 270 行.

[ 2016-12-29T23:13:09+08:00 ] 127.0.0.1 /php4/buyplus/index.php/Back/Goods/ajax/operate/galleriesUpload.html
INFO: [ app_begin ] --START--
INFO: Run Behavior\ReadHtmlCacheBehavior [ RunTime:0.001080s ]
INFO: [ app_begin ] --END-- [ RunTime:0.001838s ]
NOTIC: [2] call_user_func() expects parameter 1 to be a valid callback, no array or string given D:\tnwamp\Apache24\htdocs\daniu\php4\buyplus\ThinkPHP\Library\Think\Upload.class.php 第 170 行.
NOTIC: [8] Undefined variable: x D:\tnwamp\Apache24\htdocs\daniu\php4\buyplus\ThinkPHP\Library\Think\Image\Driver\Gd.class.php 第 270 行.
NOTIC: [8] Undefined variable: y D:\tnwamp\Apache24\htdocs\daniu\php4\buyplus\ThinkPHP\Library\Think\Image\Driver\Gd.class.php 第 270 行.
NOTIC: [8] Undefined variable: x D:\tnwamp\Apache24\htdocs\daniu\php4\buyplus\ThinkPHP\Library\Think\Image\Driver\Gd.class.php 第 270 行.
NOTIC: [8] Undefined variable: y D:\tnwamp\Apache24\htdocs\daniu\php4\buyplus\ThinkPHP\Library\Think\Image\Driver\Gd.class.php 第 270 行.
NOTIC: [8] Undefined variable: x D:\tnwamp\Apache24\htdocs\daniu\php4\buyplus\ThinkPHP\Library\Think\Image\Driver\Gd.class.php 第 270 行.
NOTIC: [8] Undefined variable: y D:\tnwamp\Apache24\htdocs\daniu\php4\buyplus\ThinkPHP\Library\Think\Image\Driver\Gd.class.php 第 270 行.

[ 2016-12-29T23:15:21+08:00 ] 127.0.0.1 /php4/buyplus/index.php/Back/Goods/ajax/operate/imageUpload.html
INFO: [ app_begin ] --START--
INFO: Run Behavior\ReadHtmlCacheBehavior [ RunTime:0.001103s ]
INFO: [ app_begin ] --END-- [ RunTime:0.001673s ]
NOTIC: [2] call_user_func() expects parameter 1 to be a valid callback, no array or string given D:\tnwamp\Apache24\htdocs\daniu\php4\buyplus\ThinkPHP\Library\Think\Upload.class.php 第 170 行.

[ 2016-12-29T23:17:39+08:00 ] 127.0.0.1 /php4/buyplus/index.php/Back/Goods/ajax/operate/imageUpload.html
INFO: [ app_begin ] --START--
INFO: Run Behavior\ReadHtmlCacheBehavior [ RunTime:0.001125s ]
INFO: [ app_begin ] --END-- [ RunTime:0.001723s ]
NOTIC: [2] call_user_func() expects parameter 1 to be a valid callback, no array or string given D:\tnwamp\Apache24\htdocs\daniu\php4\buyplus\ThinkPHP\Library\Think\Upload.class.php 第 170 行.

[ 2016-12-29T23:17:51+08:00 ] 127.0.0.1 /php4/buyplus/index.php/Back/Goods/ajax/operate/galleriesUpload.html
INFO: [ app_begin ] --START--
INFO: Run Behavior\ReadHtmlCacheBehavior [ RunTime:0.001227s ]
INFO: [ app_begin ] --END-- [ RunTime:0.001927s ]
NOTIC: [2] call_user_func() expects parameter 1 to be a valid callback, no array or string given D:\tnwamp\Apache24\htdocs\daniu\php4\buyplus\ThinkPHP\Library\Think\Upload.class.php 第 170 行.
NOTIC: [8] Undefined variable: x D:\tnwamp\Apache24\htdocs\daniu\php4\buyplus\ThinkPHP\Library\Think\Image\Driver\Gd.class.php 第 270 行.
NOTIC: [8] Undefined variable: y D:\tnwamp\Apache24\htdocs\daniu\php4\buyplus\ThinkPHP\Library\Think\Image\Driver\Gd.class.php 第 270 行.
NOTIC: [8] Undefined variable: x D:\tnwamp\Apache24\htdocs\daniu\php4\buyplus\ThinkPHP\Library\Think\Image\Driver\Gd.class.php 第 270 行.
NOTIC: [8] Undefined variable: y D:\tnwamp\Apache24\htdocs\daniu\php4\buyplus\ThinkPHP\Library\Think\Image\Driver\Gd.class.php 第 270 行.
NOTIC: [8] Undefined variable: x D:\tnwamp\Apache24\htdocs\daniu\php4\buyplus\ThinkPHP\Library\Think\Image\Driver\Gd.class.php 第 270 行.
NOTIC: [8] Undefined variable: y D:\tnwamp\Apache24\htdocs\daniu\php4\buyplus\ThinkPHP\Library\Think\Image\Driver\Gd.class.php 第 270 行.

[ 2016-12-29T23:17:51+08:00 ] 127.0.0.1 /php4/buyplus/index.php/Back/Goods/ajax/operate/galleriesUpload.html
INFO: [ app_begin ] --START--
INFO: Run Behavior\ReadHtmlCacheBehavior [ RunTime:0.001283s ]
INFO: [ app_begin ] --END-- [ RunTime:0.002123s ]
NOTIC: [2] call_user_func() expects parameter 1 to be a valid callback, no array or string given D:\tnwamp\Apache24\htdocs\daniu\php4\buyplus\ThinkPHP\Library\Think\Upload.class.php 第 170 行.
NOTIC: [8] Undefined variable: x D:\tnwamp\Apache24\htdocs\daniu\php4\buyplus\ThinkPHP\Library\Think\Image\Driver\Gd.class.php 第 270 行.
NOTIC: [8] Undefined variable: y D:\tnwamp\Apache24\htdocs\daniu\php4\buyplus\ThinkPHP\Library\Think\Image\Driver\Gd.class.php 第 270 行.
NOTIC: [8] Undefined variable: x D:\tnwamp\Apache24\htdocs\daniu\php4\buyplus\ThinkPHP\Library\Think\Image\Driver\Gd.class.php 第 270 行.
NOTIC: [8] Undefined variable: y D:\tnwamp\Apache24\htdocs\daniu\php4\buyplus\ThinkPHP\Library\Think\Image\Driver\Gd.class.php 第 270 行.
NOTIC: [8] Undefined variable: x D:\tnwamp\Apache24\htdocs\daniu\php4\buyplus\ThinkPHP\Library\Think\Image\Driver\Gd.class.php 第 270 行.
NOTIC: [8] Undefined variable: y D:\tnwamp\Apache24\htdocs\daniu\php4\buyplus\ThinkPHP\Library\Think\Image\Driver\Gd.class.php 第 270 行.

[ 2016-12-29T23:45:19+08:00 ] 127.0.0.1 /php4/buyplus/index.php/Back/Goods/ajax/operate/galleryRemove.html
INFO: [ app_begin ] --START--
INFO: Run Behavior\ReadHtmlCacheBehavior [ RunTime:0.001376s ]
INFO: [ app_begin ] --END-- [ RunTime:0.002008s ]
SQL: SELECT `image` FROM `sun_gallery` WHERE `gallery_id` = 2 LIMIT 1   [ RunTime:0.0003s ]
SQL: DELETE FROM `sun_gallery` WHERE `gallery_id` = 2 [ RunTime:0.0296s ]

